[ 2014-03-31T15:42:35+08:00 ] 127.0.0.1 /herald_vote/index.php/Admin/Index/createVote.html
ERR: Think\Model:createVote方法不存在！

[ 2014-03-31T18:22:55+08:00 ] 127.0.0.1 /herald_vote/index.php/Admin/userid/213111517
ERR: 无法加载控制器:Userid

[ 2014-03-31T20:16:36+08:00 ] 127.0.0.1 /herald_vote/index.php/Admin/userid/213111517
ERR: 无法加载控制器:Userid

[ 2014-03-31T21:26:29+08:00 ] 127.0.0.1 /herald_vote/index.php/Admin/Index/index/userid/Uploads/
INFO: [ app_begin ] --START--
INFO: Run Behavior\ReadHtmlCacheBehavior [ RunTime:0.000057s ]
INFO: [ app_begin ] --END-- [ RunTime:0.000145s ]
SQL: SHOW COLUMNS FROM `vote` [ RunTime:0.000650s ]
SQL: SELECT * FROM `vote` WHERE ( user_id=Uploads ) ORDER BY create_time  [ RunTime:0.000173s ]
ERR: 1054:Unknown column 'Uploads' in 'where clause'
 [ SQL语句 ] : SELECT * FROM `vote` WHERE ( user_id=Uploads ) ORDER BY create_time 
NOTIC: [2] Invalid argument supplied for foreach() /var/www/herald_vote/Vote/Admin/Model/VoteModel.class.php 第 52 行.
INFO: [ view_parse ] --START--
NOTIC: [8] Undefined offset: 1 /var/www/herald_vote/ThinkPHP/Library/Think/Template/TagLib/Cx.class.php 第 495 行.
NOTIC: [8] Undefined offset: 1 /var/www/herald_vote/ThinkPHP/Library/Think/Template/TagLib/Cx.class.php 第 495 行.
NOTIC: [8] Undefined offset: 1 /var/www/herald_vote/ThinkPHP/Library/Think/Template/TagLib/Cx.class.php 第 495 行.
NOTIC: [8] Undefined offset: 1 /var/www/herald_vote/ThinkPHP/Library/Think/Template/TagLib/Cx.class.php 第 495 行.
NOTIC: [8] Undefined offset: 1 /var/www/herald_vote/ThinkPHP/Library/Think/Template/TagLib/Cx.class.php 第 495 行.
NOTIC: [8] Undefined offset: 1 /var/www/herald_vote/ThinkPHP/Library/Think/Template/TagLib/Cx.class.php 第 495 行.
NOTIC: [8] Undefined offset: 1 /var/www/herald_vote/ThinkPHP/Library/Think/Template/TagLib/Cx.class.php 第 495 行.
NOTIC: [8] Undefined offset: 1 /var/www/herald_vote/ThinkPHP/Library/Think/Template/TagLib/Cx.class.php 第 495 行.
NOTIC: [8] Undefined offset: 1 /var/www/herald_vote/ThinkPHP/Library/Think/Template/TagLib/Cx.class.php 第 495 行.
NOTIC: [8] Undefined offset: 1 /var/www/herald_vote/ThinkPHP/Library/Think/Template/TagLib/Cx.class.php 第 495 行.
INFO: [ template_filter ] --START--
INFO: Run Behavior\ContentReplaceBehavior [ RunTime:0.000048s ]
INFO: [ template_filter ] --END-- [ RunTime:0.000100s ]
INFO: Run Behavior\ParseTemplateBehavior [ RunTime:0.007887s ]
INFO: [ view_parse ] --END-- [ RunTime:0.007942s ]
INFO: [ view_filter ] --START--
INFO: Run Behavior\WriteHtmlCacheBehavior [ RunTime:0.000052s ]
INFO: [ view_filter ] --END-- [ RunTime:0.000089s ]
INFO: [ app_end ] --START--
INFO: Run Behavior\ShowPageTraceBehavior [ RunTime:0.000048s ]
INFO: [ app_end ] --END-- [ RunTime:0.000087s ]

[ 2014-03-31T21:26:37+08:00 ] 127.0.0.1 /herald_vote/index.php/Admin/Index/index/userid/Uploads/
INFO: [ app_begin ] --START--
INFO: Run Behavior\ReadHtmlCacheBehavior [ RunTime:0.000105s ]
INFO: [ app_begin ] --END-- [ RunTime:0.000295s ]
SQL: SHOW COLUMNS FROM `vote` [ RunTime:0.001370s ]
SQL: SELECT * FROM `vote` WHERE ( user_id=Uploads ) ORDER BY create_time  [ RunTime:0.000398s ]
ERR: 1054:Unknown column 'Uploads' in 'where clause'
 [ SQL语句 ] : SELECT * FROM `vote` WHERE ( user_id=Uploads ) ORDER BY create_time 
NOTIC: [2] Invalid argument supplied for foreach() /var/www/herald_vote/Vote/Admin/Model/VoteModel.class.php 第 52 行.
INFO: [ view_parse ] --START--
NOTIC: [8] Undefined offset: 1 /var/www/herald_vote/ThinkPHP/Library/Think/Template/TagLib/Cx.class.php 第 495 行.
NOTIC: [8] Undefined offset: 1 /var/www/herald_vote/ThinkPHP/Library/Think/Template/TagLib/Cx.class.php 第 495 行.
NOTIC: [8] Undefined offset: 1 /var/www/herald_vote/ThinkPHP/Library/Think/Template/TagLib/Cx.class.php 第 495 行.
NOTIC: [8] Undefined offset: 1 /var/www/herald_vote/ThinkPHP/Library/Think/Template/TagLib/Cx.class.php 第 495 行.
NOTIC: [8] Undefined offset: 1 /var/www/herald_vote/ThinkPHP/Library/Think/Template/TagLib/Cx.class.php 第 495 行.
NOTIC: [8] Undefined offset: 1 /var/www/herald_vote/ThinkPHP/Library/Think/Template/TagLib/Cx.class.php 第 495 行.
NOTIC: [8] Undefined offset: 1 /var/www/herald_vote/ThinkPHP/Library/Think/Template/TagLib/Cx.class.php 第 495 行.
NOTIC: [8] Undefined offset: 1 /var/www/herald_vote/ThinkPHP/Library/Think/Template/TagLib/Cx.class.php 第 495 行.
NOTIC: [8] Undefined offset: 1 /var/www/herald_vote/ThinkPHP/Library/Think/Template/TagLib/Cx.class.php 第 495 行.
NOTIC: [8] Undefined offset: 1 /var/www/herald_vote/ThinkPHP/Library/Think/Template/TagLib/Cx.class.php 第 495 行.
INFO: [ template_filter ] --START--
INFO: Run Behavior\ContentReplaceBehavior [ RunTime:0.000044s ]
INFO: [ template_filter ] --END-- [ RunTime:0.000094s ]
INFO: Run Behavior\ParseTemplateBehavior [ RunTime:0.007569s ]
INFO: [ view_parse ] --END-- [ RunTime:0.007648s ]
INFO: [ view_filter ] --START--
INFO: Run Behavior\WriteHtmlCacheBehavior [ RunTime:0.000049s ]
INFO: [ view_filter ] --END-- [ RunTime:0.000085s ]
INFO: [ app_end ] --START--
INFO: Run Behavior\ShowPageTraceBehavior [ RunTime:0.000039s ]
INFO: [ app_end ] --END-- [ RunTime:0.000077s ]

[ 2014-03-31T21:28:34+08:00 ] 127.0.0.1 /herald_vote/index.php/Admin/Index/index/userid/Uploads
INFO: [ app_begin ] --START--
INFO: Run Behavior\ReadHtmlCacheBehavior [ RunTime:0.000102s ]
INFO: [ app_begin ] --END-- [ RunTime:0.000287s ]
SQL: SHOW COLUMNS FROM `vote` [ RunTime:0.001481s ]
SQL: SELECT * FROM `vote` WHERE ( user_id=Uploads ) ORDER BY create_time  [ RunTime:0.000367s ]
ERR: 1054:Unknown column 'Uploads' in 'where clause'
 [ SQL语句 ] : SELECT * FROM `vote` WHERE ( user_id=Uploads ) ORDER BY create_time 
NOTIC: [2] Invalid argument supplied for foreach() /var/www/herald_vote/Vote/Admin/Model/VoteModel.class.php 第 52 行.
INFO: [ view_parse ] --START--
NOTIC: [8] Undefined offset: 1 /var/www/herald_vote/ThinkPHP/Library/Think/Template/TagLib/Cx.class.php 第 495 行.
NOTIC: [8] Undefined offset: 1 /var/www/herald_vote/ThinkPHP/Library/Think/Template/TagLib/Cx.class.php 第 495 行.
NOTIC: [8] Undefined offset: 1 /var/www/herald_vote/ThinkPHP/Library/Think/Template/TagLib/Cx.class.php 第 495 行.
NOTIC: [8] Undefined offset: 1 /var/www/herald_vote/ThinkPHP/Library/Think/Template/TagLib/Cx.class.php 第 495 行.
NOTIC: [8] Undefined offset: 1 /var/www/herald_vote/ThinkPHP/Library/Think/Template/TagLib/Cx.class.php 第 495 行.
NOTIC: [8] Undefined offset: 1 /var/www/herald_vote/ThinkPHP/Library/Think/Template/TagLib/Cx.class.php 第 495 行.
NOTIC: [8] Undefined offset: 1 /var/www/herald_vote/ThinkPHP/Library/Think/Template/TagLib/Cx.class.php 第 495 行.
NOTIC: [8] Undefined offset: 1 /var/www/herald_vote/ThinkPHP/Library/Think/Template/TagLib/Cx.class.php 第 495 行.
NOTIC: [8] Undefined offset: 1 /var/www/herald_vote/ThinkPHP/Library/Think/Template/TagLib/Cx.class.php 第 495 行.
NOTIC: [8] Undefined offset: 1 /var/www/herald_vote/ThinkPHP/Library/Think/Template/TagLib/Cx.class.php 第 495 行.
INFO: [ template_filter ] --START--
INFO: Run Behavior\ContentReplaceBehavior [ RunTime:0.000045s ]
INFO: [ template_filter ] --END-- [ RunTime:0.000096s ]
INFO: Run Behavior\ParseTemplateBehavior [ RunTime:0.016310s ]
INFO: [ view_parse ] --END-- [ RunTime:0.016390s ]
INFO: [ view_filter ] --START--
INFO: Run Behavior\WriteHtmlCacheBehavior [ RunTime:0.000046s ]
INFO: [ view_filter ] --END-- [ RunTime:0.000083s ]
INFO: [ app_end ] --START--
INFO: Run Behavior\ShowPageTraceBehavior [ RunTime:0.000038s ]
INFO: [ app_end ] --END-- [ RunTime:0.000075s ]

[ 2014-03-31T21:30:58+08:00 ] 127.0.0.1 /herald_vote/index.php/Admin/Index/index/userid/Uploads
INFO: [ app_begin ] --START--
INFO: Run Behavior\ReadHtmlCacheBehavior [ RunTime:0.000056s ]
INFO: [ app_begin ] --END-- [ RunTime:0.000145s ]
SQL: SHOW COLUMNS FROM `vote` [ RunTime:0.001566s ]
SQL: SELECT * FROM `vote` WHERE ( user_id=Uploads ) ORDER BY create_time  [ RunTime:0.000359s ]
ERR: 1054:Unknown column 'Uploads' in 'where clause'
 [ SQL语句 ] : SELECT * FROM `vote` WHERE ( user_id=Uploads ) ORDER BY create_time 
NOTIC: [2] Invalid argument supplied for foreach() /var/www/herald_vote/Vote/Admin/Model/VoteModel.class.php 第 52 行.
INFO: [ view_parse ] --START--
NOTIC: [8] Undefined offset: 1 /var/www/herald_vote/ThinkPHP/Library/Think/Template/TagLib/Cx.class.php 第 495 行.
NOTIC: [8] Undefined offset: 1 /var/www/herald_vote/ThinkPHP/Library/Think/Template/TagLib/Cx.class.php 第 495 行.
NOTIC: [8] Undefined offset: 1 /var/www/herald_vote/ThinkPHP/Library/Think/Template/TagLib/Cx.class.php 第 495 行.
NOTIC: [8] Undefined offset: 1 /var/www/herald_vote/ThinkPHP/Library/Think/Template/TagLib/Cx.class.php 第 495 行.
NOTIC: [8] Undefined offset: 1 /var/www/herald_vote/ThinkPHP/Library/Think/Template/TagLib/Cx.class.php 第 495 行.
NOTIC: [8] Undefined offset: 1 /var/www/herald_vote/ThinkPHP/Library/Think/Template/TagLib/Cx.class.php 第 495 行.
NOTIC: [8] Undefined offset: 1 /var/www/herald_vote/ThinkPHP/Library/Think/Template/TagLib/Cx.class.php 第 495 行.
NOTIC: [8] Undefined offset: 1 /var/www/herald_vote/ThinkPHP/Library/Think/Template/TagLib/Cx.class.php 第 495 行.
NOTIC: [8] Undefined offset: 1 /var/www/herald_vote/ThinkPHP/Library/Think/Template/TagLib/Cx.class.php 第 495 行.
NOTIC: [8] Undefined offset: 1 /var/www/herald_vote/ThinkPHP/Library/Think/Template/TagLib/Cx.class.php 第 495 行.
INFO: [ template_filter ] --START--
INFO: Run Behavior\ContentReplaceBehavior [ RunTime:0.000051s ]
INFO: [ template_filter ] --END-- [ RunTime:0.000104s ]
INFO: Run Behavior\ParseTemplateBehavior [ RunTime:0.007213s ]
INFO: [ view_parse ] --END-- [ RunTime:0.007270s ]
INFO: [ view_filter ] --START--
INFO: Run Behavior\WriteHtmlCacheBehavior [ RunTime:0.000056s ]
INFO: [ view_filter ] --END-- [ RunTime:0.000093s ]
INFO: [ app_end ] --START--
INFO: Run Behavior\ShowPageTraceBehavior [ RunTime:0.000048s ]
INFO: [ app_end ] --END-- [ RunTime:0.000087s ]

[ 2014-03-31T21:31:43+08:00 ] 127.0.0.1 /herald_vote/index.php/Admin/Index/index/userid/Uploads
INFO: [ app_begin ] --START--
INFO: Run Behavior\ReadHtmlCacheBehavior [ RunTime:0.000166s ]
INFO: [ app_begin ] --END-- [ RunTime:0.000363s ]
SQL: SHOW COLUMNS FROM `vote` [ RunTime:0.001489s ]
SQL: SELECT * FROM `vote` WHERE ( user_id=Uploads ) ORDER BY create_time  [ RunTime:0.000428s ]
ERR: 1054:Unknown column 'Uploads' in 'where clause'
 [ SQL语句 ] : SELECT * FROM `vote` WHERE ( user_id=Uploads ) ORDER BY create_time 
NOTIC: [2] Invalid argument supplied for foreach() /var/www/herald_vote/Vote/Admin/Model/VoteModel.class.php 第 52 行.
INFO: [ view_parse ] --START--
NOTIC: [8] Undefined offset: 1 /var/www/herald_vote/ThinkPHP/Library/Think/Template/TagLib/Cx.class.php 第 495 行.
NOTIC: [8] Undefined offset: 1 /var/www/herald_vote/ThinkPHP/Library/Think/Template/TagLib/Cx.class.php 第 495 行.
NOTIC: [8] Undefined offset: 1 /var/www/herald_vote/ThinkPHP/Library/Think/Template/TagLib/Cx.class.php 第 495 行.
NOTIC: [8] Undefined offset: 1 /var/www/herald_vote/ThinkPHP/Library/Think/Template/TagLib/Cx.class.php 第 495 行.
NOTIC: [8] Undefined offset: 1 /var/www/herald_vote/ThinkPHP/Library/Think/Template/TagLib/Cx.class.php 第 495 行.
NOTIC: [8] Undefined offset: 1 /var/www/herald_vote/ThinkPHP/Library/Think/Template/TagLib/Cx.class.php 第 495 行.
NOTIC: [8] Undefined offset: 1 /var/www/herald_vote/ThinkPHP/Library/Think/Template/TagLib/Cx.class.php 第 495 行.
NOTIC: [8] Undefined offset: 1 /var/www/herald_vote/ThinkPHP/Library/Think/Template/TagLib/Cx.class.php 第 495 行.
NOTIC: [8] Undefined offset: 1 /var/www/herald_vote/ThinkPHP/Library/Think/Template/TagLib/Cx.class.php 第 495 行.
NOTIC: [8] Undefined offset: 1 /var/www/herald_vote/ThinkPHP/Library/Think/Template/TagLib/Cx.class.php 第 495 行.
INFO: [ template_filter ] --START--
INFO: Run Behavior\ContentReplaceBehavior [ RunTime:0.000077s ]
INFO: [ template_filter ] --END-- [ RunTime:0.000164s ]
INFO: Run Behavior\ParseTemplateBehavior [ RunTime:0.018551s ]
INFO: [ view_parse ] --END-- [ RunTime:0.018676s ]
INFO: [ view_filter ] --START--
INFO: Run Behavior\WriteHtmlCacheBehavior [ RunTime:0.000082s ]
INFO: [ view_filter ] --END-- [ RunTime:0.000152s ]
INFO: [ app_end ] --START--
INFO: Run Behavior\ShowPageTraceBehavior [ RunTime:0.000071s ]
INFO: [ app_end ] --END-- [ RunTime:0.000133s ]

[ 2014-03-31T21:34:04+08:00 ] 127.0.0.1 /herald_vote/index.php/Admin/Index/index/userid/Uploads
INFO: [ app_begin ] --START--
INFO: Run Behavior\ReadHtmlCacheBehavior [ RunTime:0.000084s ]
INFO: [ app_begin ] --END-- [ RunTime:0.000171s ]
SQL: SHOW COLUMNS FROM `vote` [ RunTime:0.000564s ]
SQL: SELECT * FROM `vote` WHERE ( user_id=Uploads ) ORDER BY create_time  [ RunTime:0.000184s ]
ERR: 1054:Unknown column 'Uploads' in 'where clause'
 [ SQL语句 ] : SELECT * FROM `vote` WHERE ( user_id=Uploads ) ORDER BY create_time 
NOTIC: [2] Invalid argument supplied for foreach() /var/www/herald_vote/Vote/Admin/Model/VoteModel.class.php 第 52 行.
INFO: [ view_parse ] --START--
NOTIC: [8] Undefined offset: 1 /var/www/herald_vote/ThinkPHP/Library/Think/Template/TagLib/Cx.class.php 第 495 行.
NOTIC: [8] Undefined offset: 1 /var/www/herald_vote/ThinkPHP/Library/Think/Template/TagLib/Cx.class.php 第 495 行.
NOTIC: [8] Undefined offset: 1 /var/www/herald_vote/ThinkPHP/Library/Think/Template/TagLib/Cx.class.php 第 495 行.
NOTIC: [8] Undefined offset: 1 /var/www/herald_vote/ThinkPHP/Library/Think/Template/TagLib/Cx.class.php 第 495 行.
NOTIC: [8] Undefined offset: 1 /var/www/herald_vote/ThinkPHP/Library/Think/Template/TagLib/Cx.class.php 第 495 行.
NOTIC: [8] Undefined offset: 1 /var/www/herald_vote/ThinkPHP/Library/Think/Template/TagLib/Cx.class.php 第 495 行.
NOTIC: [8] Undefined offset: 1 /var/www/herald_vote/ThinkPHP/Library/Think/Template/TagLib/Cx.class.php 第 495 行.
NOTIC: [8] Undefined offset: 1 /var/www/herald_vote/ThinkPHP/Library/Think/Template/TagLib/Cx.class.php 第 495 行.
NOTIC: [8] Undefined offset: 1 /var/www/herald_vote/ThinkPHP/Library/Think/Template/TagLib/Cx.class.php 第 495 行.
NOTIC: [8] Undefined offset: 1 /var/www/herald_vote/ThinkPHP/Library/Think/Template/TagLib/Cx.class.php 第 495 行.
INFO: [ template_filter ] --START--
INFO: Run Behavior\ContentReplaceBehavior [ RunTime:0.000048s ]
INFO: [ template_filter ] --END-- [ RunTime:0.000108s ]
INFO: Run Behavior\ParseTemplateBehavior [ RunTime:0.006986s ]
INFO: [ view_parse ] --END-- [ RunTime:0.007042s ]
INFO: [ view_filter ] --START--
INFO: Run Behavior\WriteHtmlCacheBehavior [ RunTime:0.000051s ]
INFO: [ view_filter ] --END-- [ RunTime:0.000088s ]
INFO: [ app_end ] --START--
INFO: Run Behavior\ShowPageTraceBehavior [ RunTime:0.000058s ]
INFO: [ app_end ] --END-- [ RunTime:0.000108s ]

[ 2014-03-31T21:34:34+08:00 ] 127.0.0.1 /herald_vote/index.php/Admin/Index/index/userid/Uploads
INFO: [ app_begin ] --START--
INFO: Run Behavior\ReadHtmlCacheBehavior [ RunTime:0.000036s ]
INFO: [ app_begin ] --END-- [ RunTime:0.000102s ]
SQL: SHOW COLUMNS FROM `vote` [ RunTime:0.001539s ]
SQL: SELECT * FROM `vote` WHERE ( user_id=Uploads ) ORDER BY create_time  [ RunTime:0.000178s ]
ERR: 1054:Unknown column 'Uploads' in 'where clause'
 [ SQL语句 ] : SELECT * FROM `vote` WHERE ( user_id=Uploads ) ORDER BY create_time 
NOTIC: [2] Invalid argument supplied for foreach() /var/www/herald_vote/Vote/Admin/Model/VoteModel.class.php 第 52 行.
INFO: [ view_parse ] --START--
NOTIC: [8] Undefined offset: 1 /var/www/herald_vote/ThinkPHP/Library/Think/Template/TagLib/Cx.class.php 第 495 行.
NOTIC: [8] Undefined offset: 1 /var/www/herald_vote/ThinkPHP/Library/Think/Template/TagLib/Cx.class.php 第 495 行.
NOTIC: [8] Undefined offset: 1 /var/www/herald_vote/ThinkPHP/Library/Think/Template/TagLib/Cx.class.php 第 495 行.
NOTIC: [8] Undefined offset: 1 /var/www/herald_vote/ThinkPHP/Library/Think/Template/TagLib/Cx.class.php 第 495 行.
NOTIC: [8] Undefined offset: 1 /var/www/herald_vote/ThinkPHP/Library/Think/Template/TagLib/Cx.class.php 第 495 行.
NOTIC: [8] Undefined offset: 1 /var/www/herald_vote/ThinkPHP/Library/Think/Template/TagLib/Cx.class.php 第 495 行.
NOTIC: [8] Undefined offset: 1 /var/www/herald_vote/ThinkPHP/Library/Think/Template/TagLib/Cx.class.php 第 495 行.
NOTIC: [8] Undefined offset: 1 /var/www/herald_vote/ThinkPHP/Library/Think/Template/TagLib/Cx.class.php 第 495 行.
NOTIC: [8] Undefined offset: 1 /var/www/herald_vote/ThinkPHP/Library/Think/Template/TagLib/Cx.class.php 第 495 行.
NOTIC: [8] Undefined offset: 1 /var/www/herald_vote/ThinkPHP/Library/Think/Template/TagLib/Cx.class.php 第 495 行.
INFO: [ template_filter ] --START--
INFO: Run Behavior\ContentReplaceBehavior [ RunTime:0.000069s ]
INFO: [ template_filter ] --END-- [ RunTime:0.000140s ]
INFO: Run Behavior\ParseTemplateBehavior [ RunTime:0.008638s ]
INFO: [ view_parse ] --END-- [ RunTime:0.008702s ]
INFO: [ view_filter ] --START--
INFO: Run Behavior\WriteHtmlCacheBehavior [ RunTime:0.000069s ]
INFO: [ view_filter ] --END-- [ RunTime:0.000129s ]
INFO: [ app_end ] --START--
INFO: Run Behavior\ShowPageTraceBehavior [ RunTime:0.000060s ]
INFO: [ app_end ] --END-- [ RunTime:0.000122s ]

[ 2014-03-31T21:36:30+08:00 ] 127.0.0.1 /herald_vote/index.php/Admin/Index/index/userid/Uploads
INFO: [ app_begin ] --START--
INFO: Run Behavior\ReadHtmlCacheBehavior [ RunTime:0.000061s ]
INFO: [ app_begin ] --END-- [ RunTime:0.000129s ]
SQL: SHOW COLUMNS FROM `vote` [ RunTime:0.000601s ]
SQL: SELECT * FROM `vote` WHERE ( user_id=Uploads ) ORDER BY create_time  [ RunTime:0.000147s ]
ERR: 1054:Unknown column 'Uploads' in 'where clause'
 [ SQL语句 ] : SELECT * FROM `vote` WHERE ( user_id=Uploads ) ORDER BY create_time 
NOTIC: [2] Invalid argument supplied for foreach() /var/www/herald_vote/Vote/Admin/Model/VoteModel.class.php 第 52 行.
INFO: [ view_parse ] --START--
NOTIC: [8] Undefined offset: 1 /var/www/herald_vote/ThinkPHP/Library/Think/Template/TagLib/Cx.class.php 第 495 行.
NOTIC: [8] Undefined offset: 1 /var/www/herald_vote/ThinkPHP/Library/Think/Template/TagLib/Cx.class.php 第 495 行.
NOTIC: [8] Undefined offset: 1 /var/www/herald_vote/ThinkPHP/Library/Think/Template/TagLib/Cx.class.php 第 495 行.
NOTIC: [8] Undefined offset: 1 /var/www/herald_vote/ThinkPHP/Library/Think/Template/TagLib/Cx.class.php 第 495 行.
NOTIC: [8] Undefined offset: 1 /var/www/herald_vote/ThinkPHP/Library/Think/Template/TagLib/Cx.class.php 第 495 行.
NOTIC: [8] Undefined offset: 1 /var/www/herald_vote/ThinkPHP/Library/Think/Template/TagLib/Cx.class.php 第 495 行.
NOTIC: [8] Undefined offset: 1 /var/www/herald_vote/ThinkPHP/Library/Think/Template/TagLib/Cx.class.php 第 495 行.
NOTIC: [8] Undefined offset: 1 /var/www/herald_vote/ThinkPHP/Library/Think/Template/TagLib/Cx.class.php 第 495 行.
NOTIC: [8] Undefined offset: 1 /var/www/herald_vote/ThinkPHP/Library/Think/Template/TagLib/Cx.class.php 第 495 行.
NOTIC: [8] Undefined offset: 1 /var/www/herald_vote/ThinkPHP/Library/Think/Template/TagLib/Cx.class.php 第 495 行.
INFO: [ template_filter ] --START--
INFO: Run Behavior\ContentReplaceBehavior [ RunTime:0.000043s ]
INFO: [ template_filter ] --END-- [ RunTime:0.000089s ]
INFO: Run Behavior\ParseTemplateBehavior [ RunTime:0.006765s ]
INFO: [ view_parse ] --END-- [ RunTime:0.006831s ]
INFO: [ view_filter ] --START--
INFO: Run Behavior\WriteHtmlCacheBehavior [ RunTime:0.000062s ]
INFO: [ view_filter ] --END-- [ RunTime:0.000114s ]
INFO: [ app_end ] --START--
INFO: Run Behavior\ShowPageTraceBehavior [ RunTime:0.000053s ]
INFO: [ app_end ] --END-- [ RunTime:0.000109s ]

[ 2014-03-31T21:38:17+08:00 ] 127.0.0.1 /herald_vote/index.php/Admin/Index/index/userid/Uploads
INFO: [ app_begin ] --START--
INFO: Run Behavior\ReadHtmlCacheBehavior [ RunTime:0.000060s ]
INFO: [ app_begin ] --END-- [ RunTime:0.000153s ]
SQL: SHOW COLUMNS FROM `vote` [ RunTime:0.001474s ]
SQL: SELECT * FROM `vote` WHERE ( user_id=Uploads ) ORDER BY create_time  [ RunTime:0.000315s ]
ERR: 1054:Unknown column 'Uploads' in 'where clause'
 [ SQL语句 ] : SELECT * FROM `vote` WHERE ( user_id=Uploads ) ORDER BY create_time 
NOTIC: [2] Invalid argument supplied for foreach() /var/www/herald_vote/Vote/Admin/Model/VoteModel.class.php 第 52 行.
INFO: [ view_parse ] --START--
NOTIC: [8] Undefined offset: 1 /var/www/herald_vote/ThinkPHP/Library/Think/Template/TagLib/Cx.class.php 第 495 行.
NOTIC: [8] Undefined offset: 1 /var/www/herald_vote/ThinkPHP/Library/Think/Template/TagLib/Cx.class.php 第 495 行.
NOTIC: [8] Undefined offset: 1 /var/www/herald_vote/ThinkPHP/Library/Think/Template/TagLib/Cx.class.php 第 495 行.
NOTIC: [8] Undefined offset: 1 /var/www/herald_vote/ThinkPHP/Library/Think/Template/TagLib/Cx.class.php 第 495 行.
NOTIC: [8] Undefined offset: 1 /var/www/herald_vote/ThinkPHP/Library/Think/Template/TagLib/Cx.class.php 第 495 行.
NOTIC: [8] Undefined offset: 1 /var/www/herald_vote/ThinkPHP/Library/Think/Template/TagLib/Cx.class.php 第 495 行.
NOTIC: [8] Undefined offset: 1 /var/www/herald_vote/ThinkPHP/Library/Think/Template/TagLib/Cx.class.php 第 495 行.
NOTIC: [8] Undefined offset: 1 /var/www/herald_vote/ThinkPHP/Library/Think/Template/TagLib/Cx.class.php 第 495 行.
NOTIC: [8] Undefined offset: 1 /var/www/herald_vote/ThinkPHP/Library/Think/Template/TagLib/Cx.class.php 第 495 行.
NOTIC: [8] Undefined offset: 1 /var/www/herald_vote/ThinkPHP/Library/Think/Template/TagLib/Cx.class.php 第 495 行.
INFO: [ template_filter ] --START--
INFO: Run Behavior\ContentReplaceBehavior [ RunTime:0.000048s ]
INFO: [ template_filter ] --END-- [ RunTime:0.000099s ]
INFO: Run Behavior\ParseTemplateBehavior [ RunTime:0.007056s ]
INFO: [ view_parse ] --END-- [ RunTime:0.007112s ]
INFO: [ view_filter ] --START--
INFO: Run Behavior\WriteHtmlCacheBehavior [ RunTime:0.000052s ]
INFO: [ view_filter ] --END-- [ RunTime:0.000090s ]
INFO: [ app_end ] --START--
INFO: Run Behavior\ShowPageTraceBehavior [ RunTime:0.000047s ]
INFO: [ app_end ] --END-- [ RunTime:0.000087s ]

[ 2014-03-31T21:38:33+08:00 ] 127.0.0.1 /herald_vote/index.php/Admin/Index/index/userid/Uploads
INFO: [ app_begin ] --START--
INFO: Run Behavior\ReadHtmlCacheBehavior [ RunTime:0.000040s ]
INFO: [ app_begin ] --END-- [ RunTime:0.000109s ]
SQL: SHOW COLUMNS FROM `vote` [ RunTime:0.001443s ]
SQL: SELECT * FROM `vote` WHERE ( user_id=Uploads ) ORDER BY create_time  [ RunTime:0.000396s ]
ERR: 1054:Unknown column 'Uploads' in 'where clause'
 [ SQL语句 ] : SELECT * FROM `vote` WHERE ( user_id=Uploads ) ORDER BY create_time 
NOTIC: [2] Invalid argument supplied for foreach() /var/www/herald_vote/Vote/Admin/Model/VoteModel.class.php 第 52 行.
INFO: [ view_parse ] --START--
NOTIC: [8] Undefined offset: 1 /var/www/herald_vote/ThinkPHP/Library/Think/Template/TagLib/Cx.class.php 第 495 行.
NOTIC: [8] Undefined offset: 1 /var/www/herald_vote/ThinkPHP/Library/Think/Template/TagLib/Cx.class.php 第 495 行.
NOTIC: [8] Undefined offset: 1 /var/www/herald_vote/ThinkPHP/Library/Think/Template/TagLib/Cx.class.php 第 495 行.
NOTIC: [8] Undefined offset: 1 /var/www/herald_vote/ThinkPHP/Library/Think/Template/TagLib/Cx.class.php 第 495 行.
NOTIC: [8] Undefined offset: 1 /var/www/herald_vote/ThinkPHP/Library/Think/Template/TagLib/Cx.class.php 第 495 行.
NOTIC: [8] Undefined offset: 1 /var/www/herald_vote/ThinkPHP/Library/Think/Template/TagLib/Cx.class.php 第 495 行.
NOTIC: [8] Undefined offset: 1 /var/www/herald_vote/ThinkPHP/Library/Think/Template/TagLib/Cx.class.php 第 495 行.
NOTIC: [8] Undefined offset: 1 /var/www/herald_vote/ThinkPHP/Library/Think/Template/TagLib/Cx.class.php 第 495 行.
NOTIC: [8] Undefined offset: 1 /var/www/herald_vote/ThinkPHP/Library/Think/Template/TagLib/Cx.class.php 第 495 行.
NOTIC: [8] Undefined offset: 1 /var/www/herald_vote/ThinkPHP/Library/Think/Template/TagLib/Cx.class.php 第 495 行.
INFO: [ template_filter ] --START--
INFO: Run Behavior\ContentReplaceBehavior [ RunTime:0.000044s ]
INFO: [ template_filter ] --END-- [ RunTime:0.000093s ]
INFO: Run Behavior\ParseTemplateBehavior [ RunTime:0.008275s ]
INFO: [ view_parse ] --END-- [ RunTime:0.008355s ]
INFO: [ view_filter ] --START--
INFO: Run Behavior\WriteHtmlCacheBehavior [ RunTime:0.000048s ]
INFO: [ view_filter ] --END-- [ RunTime:0.000085s ]
INFO: [ app_end ] --START--
INFO: Run Behavior\ShowPageTraceBehavior [ RunTime:0.000037s ]
INFO: [ app_end ] --END-- [ RunTime:0.000076s ]

